running egg_info
creating build/frontier/frontier.egg-info
writing build/frontier/frontier.egg-info/PKG-INFO
writing dependency_links to build/frontier/frontier.egg-info/dependency_links.txt
writing entry points to build/frontier/frontier.egg-info/entry_points.txt
writing requirements to build/frontier/frontier.egg-info/requires.txt
writing top-level names to build/frontier/frontier.egg-info/top_level.txt
writing manifest file 'build/frontier/frontier.egg-info/SOURCES.txt'
reading manifest file 'build/frontier/frontier.egg-info/SOURCES.txt'
writing manifest file 'build/frontier/frontier.egg-info/SOURCES.txt'
running build
running build_py
creating /home/user1/ROS2_Workspace/ros2_ws/src/frontier/build/frontier/build
creating /home/user1/ROS2_Workspace/ros2_ws/src/frontier/build/frontier/build/lib
creating /home/user1/ROS2_Workspace/ros2_ws/src/frontier/build/frontier/build/lib/frontier
copying frontier/visualization.py -> /home/user1/ROS2_Workspace/ros2_ws/src/frontier/build/frontier/build/lib/frontier
copying frontier/frustum_visualizer_node.py -> /home/user1/ROS2_Workspace/ros2_ws/src/frontier/build/frontier/build/lib/frontier
copying frontier/adaptive_frustum.py -> /home/user1/ROS2_Workspace/ros2_ws/src/frontier/build/frontier/build/lib/frontier
copying frontier/intersection_engine.py -> /home/user1/ROS2_Workspace/ros2_ws/src/frontier/build/frontier/build/lib/frontier
copying frontier/calibration_loader.py -> /home/user1/ROS2_Workspace/ros2_ws/src/frontier/build/frontier/build/lib/frontier
copying frontier/frontier_node.py -> /home/user1/ROS2_Workspace/ros2_ws/src/frontier/build/frontier/build/lib/frontier
copying frontier/__init__.py -> /home/user1/ROS2_Workspace/ros2_ws/src/frontier/build/frontier/build/lib/frontier
copying frontier/frustum_generator.py -> /home/user1/ROS2_Workspace/ros2_ws/src/frontier/build/frontier/build/lib/frontier
running install
running install_lib
creating /home/user1/ROS2_Workspace/ros2_ws/src/frontier/install/frontier/lib/python3.10/site-packages/frontier
copying /home/user1/ROS2_Workspace/ros2_ws/src/frontier/build/frontier/build/lib/frontier/visualization.py -> /home/user1/ROS2_Workspace/ros2_ws/src/frontier/install/frontier/lib/python3.10/site-packages/frontier
copying /home/user1/ROS2_Workspace/ros2_ws/src/frontier/build/frontier/build/lib/frontier/frustum_visualizer_node.py -> /home/user1/ROS2_Workspace/ros2_ws/src/frontier/install/frontier/lib/python3.10/site-packages/frontier
copying /home/user1/ROS2_Workspace/ros2_ws/src/frontier/build/frontier/build/lib/frontier/adaptive_frustum.py -> /home/user1/ROS2_Workspace/ros2_ws/src/frontier/install/frontier/lib/python3.10/site-packages/frontier
copying /home/user1/ROS2_Workspace/ros2_ws/src/frontier/build/frontier/build/lib/frontier/intersection_engine.py -> /home/user1/ROS2_Workspace/ros2_ws/src/frontier/install/frontier/lib/python3.10/site-packages/frontier
copying /home/user1/ROS2_Workspace/ros2_ws/src/frontier/build/frontier/build/lib/frontier/calibration_loader.py -> /home/user1/ROS2_Workspace/ros2_ws/src/frontier/install/frontier/lib/python3.10/site-packages/frontier
copying /home/user1/ROS2_Workspace/ros2_ws/src/frontier/build/frontier/build/lib/frontier/frontier_node.py -> /home/user1/ROS2_Workspace/ros2_ws/src/frontier/install/frontier/lib/python3.10/site-packages/frontier
copying /home/user1/ROS2_Workspace/ros2_ws/src/frontier/build/frontier/build/lib/frontier/__init__.py -> /home/user1/ROS2_Workspace/ros2_ws/src/frontier/install/frontier/lib/python3.10/site-packages/frontier
copying /home/user1/ROS2_Workspace/ros2_ws/src/frontier/build/frontier/build/lib/frontier/frustum_generator.py -> /home/user1/ROS2_Workspace/ros2_ws/src/frontier/install/frontier/lib/python3.10/site-packages/frontier
byte-compiling /home/user1/ROS2_Workspace/ros2_ws/src/frontier/install/frontier/lib/python3.10/site-packages/frontier/visualization.py to visualization.cpython-310.pyc
byte-compiling /home/user1/ROS2_Workspace/ros2_ws/src/frontier/install/frontier/lib/python3.10/site-packages/frontier/frustum_visualizer_node.py to frustum_visualizer_node.cpython-310.pyc
byte-compiling /home/user1/ROS2_Workspace/ros2_ws/src/frontier/install/frontier/lib/python3.10/site-packages/frontier/adaptive_frustum.py to adaptive_frustum.cpython-310.pyc
byte-compiling /home/user1/ROS2_Workspace/ros2_ws/src/frontier/install/frontier/lib/python3.10/site-packages/frontier/intersection_engine.py to intersection_engine.cpython-310.pyc
byte-compiling /home/user1/ROS2_Workspace/ros2_ws/src/frontier/install/frontier/lib/python3.10/site-packages/frontier/calibration_loader.py to calibration_loader.cpython-310.pyc
byte-compiling /home/user1/ROS2_Workspace/ros2_ws/src/frontier/install/frontier/lib/python3.10/site-packages/frontier/frontier_node.py to frontier_node.cpython-310.pyc
byte-compiling /home/user1/ROS2_Workspace/ros2_ws/src/frontier/install/frontier/lib/python3.10/site-packages/frontier/__init__.py to __init__.cpython-310.pyc
byte-compiling /home/user1/ROS2_Workspace/ros2_ws/src/frontier/install/frontier/lib/python3.10/site-packages/frontier/frustum_generator.py to frustum_generator.cpython-310.pyc
running install_data
creating /home/user1/ROS2_Workspace/ros2_ws/src/frontier/install/frontier/share/ament_index
creating /home/user1/ROS2_Workspace/ros2_ws/src/frontier/install/frontier/share/ament_index/resource_index
creating /home/user1/ROS2_Workspace/ros2_ws/src/frontier/install/frontier/share/ament_index/resource_index/packages
copying resource/frontier -> /home/user1/ROS2_Workspace/ros2_ws/src/frontier/install/frontier/share/ament_index/resource_index/packages
copying package.xml -> /home/user1/ROS2_Workspace/ros2_ws/src/frontier/install/frontier/share/frontier
creating /home/user1/ROS2_Workspace/ros2_ws/src/frontier/install/frontier/share/frontier/launch
copying launch/frustum_test_launch.py -> /home/user1/ROS2_Workspace/ros2_ws/src/frontier/install/frontier/share/frontier/launch
copying launch/frontier_launch.py -> /home/user1/ROS2_Workspace/ros2_ws/src/frontier/install/frontier/share/frontier/launch
creating /home/user1/ROS2_Workspace/ros2_ws/src/frontier/install/frontier/share/frontier/config
copying config/frontier_config.yaml -> /home/user1/ROS2_Workspace/ros2_ws/src/frontier/install/frontier/share/frontier/config
copying config/multi_camera_extrinsic_calibration.yaml -> /home/user1/ROS2_Workspace/ros2_ws/src/frontier/install/frontier/share/frontier/config
copying config/multi_camera_intrinsic_calibration.yaml -> /home/user1/ROS2_Workspace/ros2_ws/src/frontier/install/frontier/share/frontier/config
creating /home/user1/ROS2_Workspace/ros2_ws/src/frontier/install/frontier/share/frontier/docs
copying docs/FRUSTUM_SAFETY_UPDATE.md -> /home/user1/ROS2_Workspace/ros2_ws/src/frontier/install/frontier/share/frontier/docs
copying docs/FRONTIER_PYTHON_POC_ARCHITECTURE.md -> /home/user1/ROS2_Workspace/ros2_ws/src/frontier/install/frontier/share/frontier/docs
copying docs/FRUSTUM_TEST_GUIDE.md -> /home/user1/ROS2_Workspace/ros2_ws/src/frontier/install/frontier/share/frontier/docs
copying docs/FRONTIER_PRD.md -> /home/user1/ROS2_Workspace/ros2_ws/src/frontier/install/frontier/share/frontier/docs
running install_egg_info
Copying build/frontier/frontier.egg-info to /home/user1/ROS2_Workspace/ros2_ws/src/frontier/install/frontier/lib/python3.10/site-packages/frontier-0.1.0-py3.10.egg-info
running install_scripts
Installing frontier_node script to /home/user1/ROS2_Workspace/ros2_ws/src/frontier/install/frontier/bin
Installing frustum_visualizer_node script to /home/user1/ROS2_Workspace/ros2_ws/src/frontier/install/frontier/bin
Installing test_frustum_generator script to /home/user1/ROS2_Workspace/ros2_ws/src/frontier/install/frontier/bin
Installing test_intersection_engine script to /home/user1/ROS2_Workspace/ros2_ws/src/frontier/install/frontier/bin
Installing test_visualization script to /home/user1/ROS2_Workspace/ros2_ws/src/frontier/install/frontier/bin
writing list of installed files to '/home/user1/ROS2_Workspace/ros2_ws/src/frontier/build/frontier/install.log'
