[0.542s] Invoking command in '/home/user1/ROS2_Workspace/ros2_ws/src/frontier': PS1=(ros2_ws) PYTHONPATH=/home/user1/ROS2_Workspace/ros2_ws/src/frontier/build/frontier/prefix_override:/home/user1/ROS2_Workspace/ros2_ws/.venv/lib/python3.10/site-packages/colcon_core/task/python/colcon_distutils_commands:/home/user1/ROS2_Workspace/ros2_ws/src/frontier/install/frontier/lib/python3.10/site-packages:${PYTHONPATH} VIRTUAL_ENV_PROMPT=(ros2_ws) /home/user1/ROS2_Workspace/ros2_ws/.venv/bin/python3 -W ignore:setup.py install is deprecated -W ignore:easy_install command is deprecated setup.py egg_info --egg-base build/frontier build --build-base /home/user1/ROS2_Workspace/ros2_ws/src/frontier/build/frontier/build install --record /home/user1/ROS2_Workspace/ros2_ws/src/frontier/build/frontier/install.log --single-version-externally-managed install_data
[0.747s] running egg_info
[0.747s] creating build/frontier/frontier.egg-info
[0.747s] writing build/frontier/frontier.egg-info/PKG-INFO
[0.748s] writing dependency_links to build/frontier/frontier.egg-info/dependency_links.txt
[0.748s] writing entry points to build/frontier/frontier.egg-info/entry_points.txt
[0.748s] writing requirements to build/frontier/frontier.egg-info/requires.txt
[0.748s] writing top-level names to build/frontier/frontier.egg-info/top_level.txt
[0.748s] writing manifest file 'build/frontier/frontier.egg-info/SOURCES.txt'
[0.750s] reading manifest file 'build/frontier/frontier.egg-info/SOURCES.txt'
[0.750s] writing manifest file 'build/frontier/frontier.egg-info/SOURCES.txt'
[0.750s] running build
[0.750s] running build_py
[0.750s] creating /home/user1/ROS2_Workspace/ros2_ws/src/frontier/build/frontier/build
[0.750s] creating /home/user1/ROS2_Workspace/ros2_ws/src/frontier/build/frontier/build/lib
[0.751s] creating /home/user1/ROS2_Workspace/ros2_ws/src/frontier/build/frontier/build/lib/frontier
[0.751s] copying frontier/visualization.py -> /home/user1/ROS2_Workspace/ros2_ws/src/frontier/build/frontier/build/lib/frontier
[0.751s] copying frontier/frustum_visualizer_node.py -> /home/user1/ROS2_Workspace/ros2_ws/src/frontier/build/frontier/build/lib/frontier
[0.751s] copying frontier/adaptive_frustum.py -> /home/user1/ROS2_Workspace/ros2_ws/src/frontier/build/frontier/build/lib/frontier
[0.751s] copying frontier/intersection_engine.py -> /home/user1/ROS2_Workspace/ros2_ws/src/frontier/build/frontier/build/lib/frontier
[0.751s] copying frontier/calibration_loader.py -> /home/user1/ROS2_Workspace/ros2_ws/src/frontier/build/frontier/build/lib/frontier
[0.751s] copying frontier/frontier_node.py -> /home/user1/ROS2_Workspace/ros2_ws/src/frontier/build/frontier/build/lib/frontier
[0.751s] copying frontier/__init__.py -> /home/user1/ROS2_Workspace/ros2_ws/src/frontier/build/frontier/build/lib/frontier
[0.751s] copying frontier/frustum_generator.py -> /home/user1/ROS2_Workspace/ros2_ws/src/frontier/build/frontier/build/lib/frontier
[0.752s] running install
[0.752s] running install_lib
[0.753s] creating /home/user1/ROS2_Workspace/ros2_ws/src/frontier/install/frontier/lib/python3.10/site-packages/frontier
[0.753s] copying /home/user1/ROS2_Workspace/ros2_ws/src/frontier/build/frontier/build/lib/frontier/visualization.py -> /home/user1/ROS2_Workspace/ros2_ws/src/frontier/install/frontier/lib/python3.10/site-packages/frontier
[0.753s] copying /home/user1/ROS2_Workspace/ros2_ws/src/frontier/build/frontier/build/lib/frontier/frustum_visualizer_node.py -> /home/user1/ROS2_Workspace/ros2_ws/src/frontier/install/frontier/lib/python3.10/site-packages/frontier
[0.753s] copying /home/user1/ROS2_Workspace/ros2_ws/src/frontier/build/frontier/build/lib/frontier/adaptive_frustum.py -> /home/user1/ROS2_Workspace/ros2_ws/src/frontier/install/frontier/lib/python3.10/site-packages/frontier
[0.753s] copying /home/user1/ROS2_Workspace/ros2_ws/src/frontier/build/frontier/build/lib/frontier/intersection_engine.py -> /home/user1/ROS2_Workspace/ros2_ws/src/frontier/install/frontier/lib/python3.10/site-packages/frontier
[0.753s] copying /home/user1/ROS2_Workspace/ros2_ws/src/frontier/build/frontier/build/lib/frontier/calibration_loader.py -> /home/user1/ROS2_Workspace/ros2_ws/src/frontier/install/frontier/lib/python3.10/site-packages/frontier
[0.753s] copying /home/user1/ROS2_Workspace/ros2_ws/src/frontier/build/frontier/build/lib/frontier/frontier_node.py -> /home/user1/ROS2_Workspace/ros2_ws/src/frontier/install/frontier/lib/python3.10/site-packages/frontier
[0.753s] copying /home/user1/ROS2_Workspace/ros2_ws/src/frontier/build/frontier/build/lib/frontier/__init__.py -> /home/user1/ROS2_Workspace/ros2_ws/src/frontier/install/frontier/lib/python3.10/site-packages/frontier
[0.753s] copying /home/user1/ROS2_Workspace/ros2_ws/src/frontier/build/frontier/build/lib/frontier/frustum_generator.py -> /home/user1/ROS2_Workspace/ros2_ws/src/frontier/install/frontier/lib/python3.10/site-packages/frontier
[0.754s] byte-compiling /home/user1/ROS2_Workspace/ros2_ws/src/frontier/install/frontier/lib/python3.10/site-packages/frontier/visualization.py to visualization.cpython-310.pyc
[0.757s] byte-compiling /home/user1/ROS2_Workspace/ros2_ws/src/frontier/install/frontier/lib/python3.10/site-packages/frontier/frustum_visualizer_node.py to frustum_visualizer_node.cpython-310.pyc
[0.759s] byte-compiling /home/user1/ROS2_Workspace/ros2_ws/src/frontier/install/frontier/lib/python3.10/site-packages/frontier/adaptive_frustum.py to adaptive_frustum.cpython-310.pyc
[0.759s] byte-compiling /home/user1/ROS2_Workspace/ros2_ws/src/frontier/install/frontier/lib/python3.10/site-packages/frontier/intersection_engine.py to intersection_engine.cpython-310.pyc
[0.760s] byte-compiling /home/user1/ROS2_Workspace/ros2_ws/src/frontier/install/frontier/lib/python3.10/site-packages/frontier/calibration_loader.py to calibration_loader.cpython-310.pyc
[0.762s] byte-compiling /home/user1/ROS2_Workspace/ros2_ws/src/frontier/install/frontier/lib/python3.10/site-packages/frontier/frontier_node.py to frontier_node.cpython-310.pyc
[0.765s] byte-compiling /home/user1/ROS2_Workspace/ros2_ws/src/frontier/install/frontier/lib/python3.10/site-packages/frontier/__init__.py to __init__.cpython-310.pyc
[0.765s] byte-compiling /home/user1/ROS2_Workspace/ros2_ws/src/frontier/install/frontier/lib/python3.10/site-packages/frontier/frustum_generator.py to frustum_generator.cpython-310.pyc
[0.766s] running install_data
[0.766s] creating /home/user1/ROS2_Workspace/ros2_ws/src/frontier/install/frontier/share/ament_index
[0.766s] creating /home/user1/ROS2_Workspace/ros2_ws/src/frontier/install/frontier/share/ament_index/resource_index
[0.766s] creating /home/user1/ROS2_Workspace/ros2_ws/src/frontier/install/frontier/share/ament_index/resource_index/packages
[0.766s] copying resource/frontier -> /home/user1/ROS2_Workspace/ros2_ws/src/frontier/install/frontier/share/ament_index/resource_index/packages
[0.766s] copying package.xml -> /home/user1/ROS2_Workspace/ros2_ws/src/frontier/install/frontier/share/frontier
[0.766s] creating /home/user1/ROS2_Workspace/ros2_ws/src/frontier/install/frontier/share/frontier/launch
[0.766s] copying launch/frustum_test_launch.py -> /home/user1/ROS2_Workspace/ros2_ws/src/frontier/install/frontier/share/frontier/launch
[0.766s] copying launch/frontier_launch.py -> /home/user1/ROS2_Workspace/ros2_ws/src/frontier/install/frontier/share/frontier/launch
[0.766s] creating /home/user1/ROS2_Workspace/ros2_ws/src/frontier/install/frontier/share/frontier/config
[0.766s] copying config/frontier_config.yaml -> /home/user1/ROS2_Workspace/ros2_ws/src/frontier/install/frontier/share/frontier/config
[0.766s] copying config/multi_camera_extrinsic_calibration.yaml -> /home/user1/ROS2_Workspace/ros2_ws/src/frontier/install/frontier/share/frontier/config
[0.766s] copying config/multi_camera_intrinsic_calibration.yaml -> /home/user1/ROS2_Workspace/ros2_ws/src/frontier/install/frontier/share/frontier/config
[0.767s] creating /home/user1/ROS2_Workspace/ros2_ws/src/frontier/install/frontier/share/frontier/docs
[0.767s] copying docs/FRUSTUM_SAFETY_UPDATE.md -> /home/user1/ROS2_Workspace/ros2_ws/src/frontier/install/frontier/share/frontier/docs
[0.767s] copying docs/FRONTIER_PYTHON_POC_ARCHITECTURE.md -> /home/user1/ROS2_Workspace/ros2_ws/src/frontier/install/frontier/share/frontier/docs
[0.767s] copying docs/FRUSTUM_TEST_GUIDE.md -> /home/user1/ROS2_Workspace/ros2_ws/src/frontier/install/frontier/share/frontier/docs
[0.767s] copying docs/FRONTIER_PRD.md -> /home/user1/ROS2_Workspace/ros2_ws/src/frontier/install/frontier/share/frontier/docs
[0.767s] running install_egg_info
[0.769s] Copying build/frontier/frontier.egg-info to /home/user1/ROS2_Workspace/ros2_ws/src/frontier/install/frontier/lib/python3.10/site-packages/frontier-0.1.0-py3.10.egg-info
[0.769s] running install_scripts
[0.786s] Installing frontier_node script to /home/user1/ROS2_Workspace/ros2_ws/src/frontier/install/frontier/bin
[0.786s] Installing frustum_visualizer_node script to /home/user1/ROS2_Workspace/ros2_ws/src/frontier/install/frontier/bin
[0.786s] Installing test_frustum_generator script to /home/user1/ROS2_Workspace/ros2_ws/src/frontier/install/frontier/bin
[0.786s] Installing test_intersection_engine script to /home/user1/ROS2_Workspace/ros2_ws/src/frontier/install/frontier/bin
[0.786s] Installing test_visualization script to /home/user1/ROS2_Workspace/ros2_ws/src/frontier/install/frontier/bin
[0.786s] writing list of installed files to '/home/user1/ROS2_Workspace/ros2_ws/src/frontier/build/frontier/install.log'
[0.815s] Invoked command in '/home/user1/ROS2_Workspace/ros2_ws/src/frontier' returned '0': PS1=(ros2_ws) PYTHONPATH=/home/user1/ROS2_Workspace/ros2_ws/src/frontier/build/frontier/prefix_override:/home/user1/ROS2_Workspace/ros2_ws/.venv/lib/python3.10/site-packages/colcon_core/task/python/colcon_distutils_commands:/home/user1/ROS2_Workspace/ros2_ws/src/frontier/install/frontier/lib/python3.10/site-packages:${PYTHONPATH} VIRTUAL_ENV_PROMPT=(ros2_ws) /home/user1/ROS2_Workspace/ros2_ws/.venv/bin/python3 -W ignore:setup.py install is deprecated -W ignore:easy_install command is deprecated setup.py egg_info --egg-base build/frontier build --build-base /home/user1/ROS2_Workspace/ros2_ws/src/frontier/build/frontier/build install --record /home/user1/ROS2_Workspace/ros2_ws/src/frontier/build/frontier/install.log --single-version-externally-managed install_data
