/home/user1/ROS2_Workspace/ros2_ws/src/frontier/install/frontier/lib/python3.10/site-packages/frontier/visualization.py
/home/user1/ROS2_Workspace/ros2_ws/src/frontier/install/frontier/lib/python3.10/site-packages/frontier/frustum_visualizer_node.py
/home/user1/ROS2_Workspace/ros2_ws/src/frontier/install/frontier/lib/python3.10/site-packages/frontier/adaptive_frustum.py
/home/user1/ROS2_Workspace/ros2_ws/src/frontier/install/frontier/lib/python3.10/site-packages/frontier/intersection_engine.py
/home/user1/ROS2_Workspace/ros2_ws/src/frontier/install/frontier/lib/python3.10/site-packages/frontier/calibration_loader.py
/home/user1/ROS2_Workspace/ros2_ws/src/frontier/install/frontier/lib/python3.10/site-packages/frontier/frontier_node.py
/home/user1/ROS2_Workspace/ros2_ws/src/frontier/install/frontier/lib/python3.10/site-packages/frontier/__init__.py
/home/user1/ROS2_Workspace/ros2_ws/src/frontier/install/frontier/lib/python3.10/site-packages/frontier/frustum_generator.py
/home/user1/ROS2_Workspace/ros2_ws/src/frontier/install/frontier/lib/python3.10/site-packages/frontier/__pycache__/visualization.cpython-310.pyc
/home/user1/ROS2_Workspace/ros2_ws/src/frontier/install/frontier/lib/python3.10/site-packages/frontier/__pycache__/frustum_visualizer_node.cpython-310.pyc
/home/user1/ROS2_Workspace/ros2_ws/src/frontier/install/frontier/lib/python3.10/site-packages/frontier/__pycache__/adaptive_frustum.cpython-310.pyc
/home/user1/ROS2_Workspace/ros2_ws/src/frontier/install/frontier/lib/python3.10/site-packages/frontier/__pycache__/intersection_engine.cpython-310.pyc
/home/user1/ROS2_Workspace/ros2_ws/src/frontier/install/frontier/lib/python3.10/site-packages/frontier/__pycache__/calibration_loader.cpython-310.pyc
/home/user1/ROS2_Workspace/ros2_ws/src/frontier/install/frontier/lib/python3.10/site-packages/frontier/__pycache__/frontier_node.cpython-310.pyc
/home/user1/ROS2_Workspace/ros2_ws/src/frontier/install/frontier/lib/python3.10/site-packages/frontier/__pycache__/__init__.cpython-310.pyc
/home/user1/ROS2_Workspace/ros2_ws/src/frontier/install/frontier/lib/python3.10/site-packages/frontier/__pycache__/frustum_generator.cpython-310.pyc
/home/user1/ROS2_Workspace/ros2_ws/src/frontier/install/frontier/share/ament_index/resource_index/packages/frontier
/home/user1/ROS2_Workspace/ros2_ws/src/frontier/install/frontier/share/frontier/package.xml
/home/user1/ROS2_Workspace/ros2_ws/src/frontier/install/frontier/share/frontier/launch/frustum_test_launch.py
/home/user1/ROS2_Workspace/ros2_ws/src/frontier/install/frontier/share/frontier/launch/frontier_launch.py
/home/user1/ROS2_Workspace/ros2_ws/src/frontier/install/frontier/share/frontier/config/frontier_config.yaml
/home/user1/ROS2_Workspace/ros2_ws/src/frontier/install/frontier/share/frontier/config/multi_camera_extrinsic_calibration.yaml
/home/user1/ROS2_Workspace/ros2_ws/src/frontier/install/frontier/share/frontier/config/multi_camera_intrinsic_calibration.yaml
/home/user1/ROS2_Workspace/ros2_ws/src/frontier/install/frontier/share/frontier/docs/FRUSTUM_SAFETY_UPDATE.md
/home/user1/ROS2_Workspace/ros2_ws/src/frontier/install/frontier/share/frontier/docs/FRONTIER_PYTHON_POC_ARCHITECTURE.md
/home/user1/ROS2_Workspace/ros2_ws/src/frontier/install/frontier/share/frontier/docs/FRUSTUM_TEST_GUIDE.md
/home/user1/ROS2_Workspace/ros2_ws/src/frontier/install/frontier/share/frontier/docs/FRONTIER_PRD.md
/home/user1/ROS2_Workspace/ros2_ws/src/frontier/install/frontier/lib/python3.10/site-packages/frontier-0.1.0-py3.10.egg-info/top_level.txt
/home/user1/ROS2_Workspace/ros2_ws/src/frontier/install/frontier/lib/python3.10/site-packages/frontier-0.1.0-py3.10.egg-info/SOURCES.txt
/home/user1/ROS2_Workspace/ros2_ws/src/frontier/install/frontier/lib/python3.10/site-packages/frontier-0.1.0-py3.10.egg-info/zip-safe
/home/user1/ROS2_Workspace/ros2_ws/src/frontier/install/frontier/lib/python3.10/site-packages/frontier-0.1.0-py3.10.egg-info/requires.txt
/home/user1/ROS2_Workspace/ros2_ws/src/frontier/install/frontier/lib/python3.10/site-packages/frontier-0.1.0-py3.10.egg-info/PKG-INFO
/home/user1/ROS2_Workspace/ros2_ws/src/frontier/install/frontier/lib/python3.10/site-packages/frontier-0.1.0-py3.10.egg-info/dependency_links.txt
/home/user1/ROS2_Workspace/ros2_ws/src/frontier/install/frontier/lib/python3.10/site-packages/frontier-0.1.0-py3.10.egg-info/entry_points.txt
/home/user1/ROS2_Workspace/ros2_ws/src/frontier/install/frontier/bin/frontier_node
/home/user1/ROS2_Workspace/ros2_ws/src/frontier/install/frontier/bin/frustum_visualizer_node
/home/user1/ROS2_Workspace/ros2_ws/src/frontier/install/frontier/bin/test_frustum_generator
/home/user1/ROS2_Workspace/ros2_ws/src/frontier/install/frontier/bin/test_intersection_engine
/home/user1/ROS2_Workspace/ros2_ws/src/frontier/install/frontier/bin/test_visualization
