[0.112s] DEBUG:colcon:Command line arguments: ['/home/user1/ROS2_Workspace/ros2_ws/.venv/bin/colcon', 'build', '--packages-select', 'frontier']
[0.112s] DEBUG:colcon:Parsed command line arguments: Namespace(log_base=None, log_level=None, verb_name='build', build_base='build', install_base='install', merge_install=False, symlink_install=False, test_result_base=None, continue_on_error=False, executor='parallel', parallel_workers=16, event_handlers=None, ignore_user_meta=False, metas=['./colcon.meta'], base_paths=['.'], packages_ignore=None, packages_ignore_regex=None, paths=None, packages_up_to=None, packages_up_to_regex=None, packages_above=None, packages_above_and_dependencies=None, packages_above_depth=None, packages_select_by_dep=None, packages_skip_by_dep=None, packages_skip_up_to=None, packages_select_build_failed=False, packages_skip_build_finished=False, packages_select_test_failures=False, packages_skip_test_passed=False, packages_select=['frontier'], packages_skip=None, packages_select_regex=None, packages_skip_regex=None, packages_start=None, packages_end=None, cmake_args=None, cmake_target=None, cmake_target_skip_unavailable=False, cmake_clean_cache=False, cmake_clean_first=False, cmake_force_configure=False, ament_cmake_args=None, catkin_cmake_args=None, catkin_skip_building_tests=False, verb_parser=<colcon_defaults.argument_parser.defaults.DefaultArgumentsDecorator object at 0x701166d3ace0>, verb_extension=<colcon_core.verb.build.BuildVerb object at 0x701166ef4130>, main=<bound method BuildVerb.main of <colcon_core.verb.build.BuildVerb object at 0x701166ef4130>>)
[0.235s] Level 1:colcon.colcon_core.package_discovery:discover_packages(colcon_meta) check parameters
[0.235s] Level 1:colcon.colcon_core.package_discovery:discover_packages(recursive) check parameters
[0.235s] Level 1:colcon.colcon_core.package_discovery:discover_packages(ignore) check parameters
[0.235s] Level 1:colcon.colcon_core.package_discovery:discover_packages(path) check parameters
[0.235s] Level 1:colcon.colcon_core.package_discovery:discover_packages(colcon_meta) discover
[0.235s] Level 1:colcon.colcon_core.package_discovery:discover_packages(recursive) discover
[0.235s] INFO:colcon.colcon_core.package_discovery:Crawling recursively for packages in '/home/user1/ROS2_Workspace/ros2_ws/src/frontier'
[0.235s] Level 1:colcon.colcon_core.package_identification:_identify(.) by extensions ['ignore', 'ignore_ament_install']
[0.236s] Level 1:colcon.colcon_core.package_identification:_identify(.) by extension 'ignore'
[0.236s] Level 1:colcon.colcon_core.package_identification:_identify(.) by extension 'ignore_ament_install'
[0.236s] Level 1:colcon.colcon_core.package_identification:_identify(.) by extensions ['colcon_pkg']
[0.236s] Level 1:colcon.colcon_core.package_identification:_identify(.) by extension 'colcon_pkg'
[0.236s] Level 1:colcon.colcon_core.package_identification:_identify(.) by extensions ['colcon_meta']
[0.236s] Level 1:colcon.colcon_core.package_identification:_identify(.) by extension 'colcon_meta'
[0.236s] Level 1:colcon.colcon_core.package_identification:_identify(.) by extensions ['ros']
[0.236s] Level 1:colcon.colcon_core.package_identification:_identify(.) by extension 'ros'
[0.258s] DEBUG:colcon.colcon_core.package_identification:Package '.' with type 'ros.ament_python' and name 'frontier'
[0.258s] Level 1:colcon.colcon_core.package_discovery:discover_packages(recursive) using defaults
[0.258s] Level 1:colcon.colcon_core.package_discovery:discover_packages(ignore) discover
[0.258s] Level 1:colcon.colcon_core.package_discovery:discover_packages(ignore) using defaults
[0.258s] Level 1:colcon.colcon_core.package_discovery:discover_packages(path) discover
[0.258s] Level 1:colcon.colcon_core.package_discovery:discover_packages(path) using defaults
[0.273s] Level 5:colcon.colcon_core.verb:set package 'frontier' build argument 'cmake_args' from command line to 'None'
[0.273s] Level 5:colcon.colcon_core.verb:set package 'frontier' build argument 'cmake_target' from command line to 'None'
[0.273s] Level 5:colcon.colcon_core.verb:set package 'frontier' build argument 'cmake_target_skip_unavailable' from command line to 'False'
[0.273s] Level 5:colcon.colcon_core.verb:set package 'frontier' build argument 'cmake_clean_cache' from command line to 'False'
[0.273s] Level 5:colcon.colcon_core.verb:set package 'frontier' build argument 'cmake_clean_first' from command line to 'False'
[0.273s] Level 5:colcon.colcon_core.verb:set package 'frontier' build argument 'cmake_force_configure' from command line to 'False'
[0.273s] Level 5:colcon.colcon_core.verb:set package 'frontier' build argument 'ament_cmake_args' from command line to 'None'
[0.273s] Level 5:colcon.colcon_core.verb:set package 'frontier' build argument 'catkin_cmake_args' from command line to 'None'
[0.273s] Level 5:colcon.colcon_core.verb:set package 'frontier' build argument 'catkin_skip_building_tests' from command line to 'False'
[0.273s] DEBUG:colcon.colcon_core.verb:Building package 'frontier' with the following arguments: {'ament_cmake_args': None, 'build_base': '/home/user1/ROS2_Workspace/ros2_ws/src/frontier/build/frontier', 'catkin_cmake_args': None, 'catkin_skip_building_tests': False, 'cmake_args': None, 'cmake_clean_cache': False, 'cmake_clean_first': False, 'cmake_force_configure': False, 'cmake_target': None, 'cmake_target_skip_unavailable': False, 'install_base': '/home/user1/ROS2_Workspace/ros2_ws/src/frontier/install/frontier', 'merge_install': False, 'path': '/home/user1/ROS2_Workspace/ros2_ws/src/frontier', 'symlink_install': False, 'test_result_base': None}
[0.274s] INFO:colcon.colcon_core.executor:Executing jobs using 'parallel' executor
[0.274s] DEBUG:colcon.colcon_parallel_executor.executor.parallel:run_until_complete
[0.275s] INFO:colcon.colcon_ros.task.ament_python.build:Building ROS package in '/home/user1/ROS2_Workspace/ros2_ws/src/frontier' with build type 'ament_python'
[0.275s] Level 1:colcon.colcon_core.shell:create_environment_hook('frontier', 'ament_prefix_path')
[0.276s] INFO:colcon.colcon_core.plugin_system:Skipping extension 'colcon_core.shell.bat': Not used on non-Windows systems
[0.277s] INFO:colcon.colcon_core.shell:Creating environment hook '/home/user1/ROS2_Workspace/ros2_ws/src/frontier/install/frontier/share/frontier/hook/ament_prefix_path.ps1'
[0.277s] INFO:colcon.colcon_core.shell:Creating environment descriptor '/home/user1/ROS2_Workspace/ros2_ws/src/frontier/install/frontier/share/frontier/hook/ament_prefix_path.dsv'
[0.277s] INFO:colcon.colcon_core.shell:Creating environment hook '/home/user1/ROS2_Workspace/ros2_ws/src/frontier/install/frontier/share/frontier/hook/ament_prefix_path.sh'
[0.278s] INFO:colcon.colcon_core.shell:Skip shell extension 'powershell' for command environment: Not usable outside of PowerShell
[0.278s] DEBUG:colcon.colcon_core.shell:Skip shell extension 'dsv' for command environment
[0.510s] INFO:colcon.colcon_core.task.python.build:Building Python package in '/home/user1/ROS2_Workspace/ros2_ws/src/frontier'
[0.510s] INFO:colcon.colcon_core.shell:Skip shell extension 'powershell' for command environment: Not usable outside of PowerShell
[0.510s] DEBUG:colcon.colcon_core.shell:Skip shell extension 'dsv' for command environment
[0.817s] DEBUG:colcon.colcon_core.event_handler.log_command:Invoking command in '/home/user1/ROS2_Workspace/ros2_ws/src/frontier': PS1=(ros2_ws) PYTHONPATH=/home/user1/ROS2_Workspace/ros2_ws/src/frontier/build/frontier/prefix_override:/home/user1/ROS2_Workspace/ros2_ws/.venv/lib/python3.10/site-packages/colcon_core/task/python/colcon_distutils_commands:/home/user1/ROS2_Workspace/ros2_ws/src/frontier/install/frontier/lib/python3.10/site-packages:${PYTHONPATH} VIRTUAL_ENV_PROMPT=(ros2_ws) /home/user1/ROS2_Workspace/ros2_ws/.venv/bin/python3 -W ignore:setup.py install is deprecated -W ignore:easy_install command is deprecated setup.py egg_info --egg-base build/frontier build --build-base /home/user1/ROS2_Workspace/ros2_ws/src/frontier/build/frontier/build install --record /home/user1/ROS2_Workspace/ros2_ws/src/frontier/build/frontier/install.log --single-version-externally-managed install_data
[1.090s] DEBUG:colcon.colcon_core.event_handler.log_command:Invoked command in '/home/user1/ROS2_Workspace/ros2_ws/src/frontier' returned '0': PS1=(ros2_ws) PYTHONPATH=/home/user1/ROS2_Workspace/ros2_ws/src/frontier/build/frontier/prefix_override:/home/user1/ROS2_Workspace/ros2_ws/.venv/lib/python3.10/site-packages/colcon_core/task/python/colcon_distutils_commands:/home/user1/ROS2_Workspace/ros2_ws/src/frontier/install/frontier/lib/python3.10/site-packages:${PYTHONPATH} VIRTUAL_ENV_PROMPT=(ros2_ws) /home/user1/ROS2_Workspace/ros2_ws/.venv/bin/python3 -W ignore:setup.py install is deprecated -W ignore:easy_install command is deprecated setup.py egg_info --egg-base build/frontier build --build-base /home/user1/ROS2_Workspace/ros2_ws/src/frontier/build/frontier/build install --record /home/user1/ROS2_Workspace/ros2_ws/src/frontier/build/frontier/install.log --single-version-externally-managed install_data
[1.092s] Level 1:colcon.colcon_core.environment:checking '/home/user1/ROS2_Workspace/ros2_ws/src/frontier/install/frontier' for CMake module files
[1.092s] Level 1:colcon.colcon_core.environment:checking '/home/user1/ROS2_Workspace/ros2_ws/src/frontier/install/frontier' for CMake config files
[1.106s] Level 1:colcon.colcon_core.environment:checking '/home/user1/ROS2_Workspace/ros2_ws/src/frontier/install/frontier/lib'
[1.106s] Level 1:colcon.colcon_core.environment:checking '/home/user1/ROS2_Workspace/ros2_ws/src/frontier/install/frontier/bin'
[1.107s] Level 1:colcon.colcon_core.shell:create_environment_hook('frontier', 'path')
[1.107s] INFO:colcon.colcon_core.shell:Creating environment hook '/home/user1/ROS2_Workspace/ros2_ws/src/frontier/install/frontier/share/frontier/hook/path.ps1'
[1.107s] INFO:colcon.colcon_core.shell:Creating environment descriptor '/home/user1/ROS2_Workspace/ros2_ws/src/frontier/install/frontier/share/frontier/hook/path.dsv'
[1.107s] INFO:colcon.colcon_core.shell:Creating environment hook '/home/user1/ROS2_Workspace/ros2_ws/src/frontier/install/frontier/share/frontier/hook/path.sh'
[1.108s] Level 1:colcon.colcon_core.environment:checking '/home/user1/ROS2_Workspace/ros2_ws/src/frontier/install/frontier/lib/pkgconfig/frontier.pc'
[1.108s] Level 1:colcon.colcon_core.environment:checking '/home/user1/ROS2_Workspace/ros2_ws/src/frontier/install/frontier/lib/python3.10/site-packages'
[1.108s] Level 1:colcon.colcon_core.shell:create_environment_hook('frontier', 'pythonpath')
[1.108s] INFO:colcon.colcon_core.shell:Creating environment hook '/home/user1/ROS2_Workspace/ros2_ws/src/frontier/install/frontier/share/frontier/hook/pythonpath.ps1'
[1.108s] INFO:colcon.colcon_core.shell:Creating environment descriptor '/home/user1/ROS2_Workspace/ros2_ws/src/frontier/install/frontier/share/frontier/hook/pythonpath.dsv'
[1.109s] INFO:colcon.colcon_core.shell:Creating environment hook '/home/user1/ROS2_Workspace/ros2_ws/src/frontier/install/frontier/share/frontier/hook/pythonpath.sh'
[1.109s] Level 1:colcon.colcon_core.environment:checking '/home/user1/ROS2_Workspace/ros2_ws/src/frontier/install/frontier/bin'
[1.109s] Level 1:colcon.colcon_core.shell:create_environment_hook('frontier', 'pythonscriptspath')
[1.109s] INFO:colcon.colcon_core.shell:Creating environment hook '/home/user1/ROS2_Workspace/ros2_ws/src/frontier/install/frontier/share/frontier/hook/pythonscriptspath.ps1'
[1.109s] INFO:colcon.colcon_core.shell:Creating environment descriptor '/home/user1/ROS2_Workspace/ros2_ws/src/frontier/install/frontier/share/frontier/hook/pythonscriptspath.dsv'
[1.110s] INFO:colcon.colcon_core.shell:Creating environment hook '/home/user1/ROS2_Workspace/ros2_ws/src/frontier/install/frontier/share/frontier/hook/pythonscriptspath.sh'
[1.110s] Level 1:colcon.colcon_core.environment:create_environment_scripts_only(frontier)
[1.110s] INFO:colcon.colcon_core.shell:Creating package script '/home/user1/ROS2_Workspace/ros2_ws/src/frontier/install/frontier/share/frontier/package.ps1'
[1.111s] INFO:colcon.colcon_core.shell:Creating package descriptor '/home/user1/ROS2_Workspace/ros2_ws/src/frontier/install/frontier/share/frontier/package.dsv'
[1.111s] INFO:colcon.colcon_core.shell:Creating package script '/home/user1/ROS2_Workspace/ros2_ws/src/frontier/install/frontier/share/frontier/package.sh'
[1.112s] INFO:colcon.colcon_core.shell:Creating package script '/home/user1/ROS2_Workspace/ros2_ws/src/frontier/install/frontier/share/frontier/package.bash'
[1.112s] INFO:colcon.colcon_core.shell:Creating package script '/home/user1/ROS2_Workspace/ros2_ws/src/frontier/install/frontier/share/frontier/package.zsh'
[1.113s] Level 1:colcon.colcon_core.environment:create_file_with_runtime_dependencies(/home/user1/ROS2_Workspace/ros2_ws/src/frontier/install/frontier/share/colcon-core/packages/frontier)
[1.113s] DEBUG:colcon.colcon_parallel_executor.executor.parallel:closing loop
[1.113s] DEBUG:colcon.colcon_parallel_executor.executor.parallel:loop closed
[1.113s] DEBUG:colcon.colcon_parallel_executor.executor.parallel:run_until_complete finished with '0'
[1.113s] DEBUG:colcon.colcon_core.event_reactor:joining thread
[1.115s] INFO:colcon.colcon_core.plugin_system:Skipping extension 'colcon_notification.desktop_notification.notify2': 'notify2' not found
[1.115s] INFO:colcon.colcon_core.plugin_system:Skipping extension 'colcon_notification.desktop_notification.terminal_notifier': Not used on non-Darwin systems
[1.115s] INFO:colcon.colcon_core.plugin_system:Skipping extension 'colcon_notification.desktop_notification.win32': Not used on non-Windows systems
[1.115s] INFO:colcon.colcon_notification.desktop_notification:Sending desktop notification using 'notify_send'
[1.142s] DEBUG:colcon.colcon_core.event_reactor:joined thread
[1.142s] INFO:colcon.colcon_core.shell:Creating prefix script '/home/user1/ROS2_Workspace/ros2_ws/src/frontier/install/local_setup.ps1'
[1.143s] INFO:colcon.colcon_core.shell:Creating prefix util module '/home/user1/ROS2_Workspace/ros2_ws/src/frontier/install/_local_setup_util_ps1.py'
[1.144s] INFO:colcon.colcon_core.shell:Creating prefix chain script '/home/user1/ROS2_Workspace/ros2_ws/src/frontier/install/setup.ps1'
[1.145s] INFO:colcon.colcon_core.shell:Creating prefix script '/home/user1/ROS2_Workspace/ros2_ws/src/frontier/install/local_setup.sh'
[1.146s] INFO:colcon.colcon_core.shell:Creating prefix util module '/home/user1/ROS2_Workspace/ros2_ws/src/frontier/install/_local_setup_util_sh.py'
[1.146s] INFO:colcon.colcon_core.shell:Creating prefix chain script '/home/user1/ROS2_Workspace/ros2_ws/src/frontier/install/setup.sh'
[1.148s] INFO:colcon.colcon_core.shell:Creating prefix script '/home/user1/ROS2_Workspace/ros2_ws/src/frontier/install/local_setup.bash'
[1.148s] INFO:colcon.colcon_core.shell:Creating prefix chain script '/home/user1/ROS2_Workspace/ros2_ws/src/frontier/install/setup.bash'
[1.150s] INFO:colcon.colcon_core.shell:Creating prefix script '/home/user1/ROS2_Workspace/ros2_ws/src/frontier/install/local_setup.zsh'
[1.150s] INFO:colcon.colcon_core.shell:Creating prefix chain script '/home/user1/ROS2_Workspace/ros2_ws/src/frontier/install/setup.zsh'
